2024-12-11T14:17:47.434Z  INFO 1924 --- [main] com.example.Main                         : Starting Main using Java 17.0.8 with PID 1924 (C:\Users\basse\Downloads\prototype_project\backend\build\classes\java\main started by basse in C:\Users\basse\Downloads\prototype_project\backend)
2024-12-11T14:17:47.439Z  INFO 1924 --- [main] com.example.Main                         : No active profile set, falling back to 1 default profile: "default"
2024-12-11T14:17:48.005Z  INFO 1924 --- [main] o.s.b.w.embedded.tomcat.TomcatWebServer  : Tomcat initialized with port(s): 5400 (http)
2024-12-11T14:17:48.010Z  INFO 1924 --- [main] o.apache.catalina.core.StandardService   : Starting service [Tomcat]
2024-12-11T14:17:48.011Z  INFO 1924 --- [main] o.apache.catalina.core.StandardEngine    : Starting Servlet engine: [Apache Tomcat/10.1.13]
2024-12-11T14:17:48.083Z  INFO 1924 --- [main] o.a.c.c.C.[Tomcat].[localhost].[/]       : Initializing Spring embedded WebApplicationContext
2024-12-11T14:17:48.083Z  INFO 1924 --- [main] w.s.c.ServletWebServerApplicationContext : Root WebApplicationContext: initialization completed in 608 ms
2024-12-11T14:17:48.310Z  INFO 1924 --- [main] o.s.b.w.embedded.tomcat.TomcatWebServer  : Tomcat started on port(s): 5400 (http) with context path ''
2024-12-11T14:17:48.315Z  INFO 1924 --- [main] com.example.Main                         : Started Main in 1.145 seconds (process running for 1.355)
2024-12-11T14:17:54.369Z  INFO 1924 --- [http-nio-5400-exec-1] o.a.c.c.C.[Tomcat].[localhost].[/]       : Initializing Spring DispatcherServlet 'dispatcherServlet'
2024-12-11T14:17:54.370Z  INFO 1924 --- [http-nio-5400-exec-1] o.s.web.servlet.DispatcherServlet        : Initializing Servlet 'dispatcherServlet'
2024-12-11T14:17:54.370Z  INFO 1924 --- [http-nio-5400-exec-1] o.s.web.servlet.DispatcherServlet        : Completed initialization in 0 ms
2024-12-11T14:18:45.974Z  WARN 1924 --- [http-nio-5400-exec-1] .w.s.m.s.DefaultHandlerExceptionResolver : Resolved [org.springframework.http.converter.HttpMessageNotReadableException: JSON parse error: Cannot deserialize value of type `java.lang.String` from Object value (token `JsonToken.START_OBJECT`)]
2024-12-11T14:28:10.100Z  INFO 25148 --- [main] com.example.Main                         : Starting Main using Java 17.0.8 with PID 25148 (C:\Users\basse\Downloads\prototype_project\backend\build\classes\java\main started by basse in C:\Users\basse\Downloads\prototype_project\backend)
2024-12-11T14:28:10.106Z  INFO 25148 --- [main] com.example.Main                         : No active profile set, falling back to 1 default profile: "default"
2024-12-11T14:28:10.684Z  INFO 25148 --- [main] o.s.b.w.embedded.tomcat.TomcatWebServer  : Tomcat initialized with port(s): 5400 (http)
2024-12-11T14:28:10.690Z  INFO 25148 --- [main] o.apache.catalina.core.StandardService   : Starting service [Tomcat]
2024-12-11T14:28:10.690Z  INFO 25148 --- [main] o.apache.catalina.core.StandardEngine    : Starting Servlet engine: [Apache Tomcat/10.1.13]
2024-12-11T14:28:10.758Z  INFO 25148 --- [main] o.a.c.c.C.[Tomcat].[localhost].[/]       : Initializing Spring embedded WebApplicationContext
2024-12-11T14:28:10.758Z  INFO 25148 --- [main] w.s.c.ServletWebServerApplicationContext : Root WebApplicationContext: initialization completed in 622 ms
2024-12-11T14:28:10.989Z  INFO 25148 --- [main] o.s.b.w.embedded.tomcat.TomcatWebServer  : Tomcat started on port(s): 5400 (http) with context path ''
2024-12-11T14:28:10.994Z  INFO 25148 --- [main] com.example.Main                         : Started Main in 1.188 seconds (process running for 1.404)
2024-12-11T14:30:21.277Z  INFO 25148 --- [http-nio-5400-exec-3] o.a.c.c.C.[Tomcat].[localhost].[/]       : Initializing Spring DispatcherServlet 'dispatcherServlet'
2024-12-11T14:30:21.277Z  INFO 25148 --- [http-nio-5400-exec-3] o.s.web.servlet.DispatcherServlet        : Initializing Servlet 'dispatcherServlet'
2024-12-11T14:30:21.278Z  INFO 25148 --- [http-nio-5400-exec-3] o.s.web.servlet.DispatcherServlet        : Completed initialization in 1 ms
